2025-06-30 07:58:22.777  INFO   --- [http-nio-8081-exec-1] ru.sgp.controller.UserController         : USERNAME sgp\SirenkoNiV
2025-06-30 07:58:23.241  INFO   --- [http-nio-8081-exec-2] ru.sgp.controller.FlatController         : DATE: 30-06-2025 07:58:23 | Status: OK | User: sgp\SirenkoNiV | PATH: /flat/getNewChess | DURATION: 0.47913621 | MESSAGE: 
2025-06-30 07:58:22.801  INFO   --- [http-nio-8081-exec-4] ru.sgp.controller.EventController        : DATE: 30-06-2025 07:58:22 | Status: OK | User: sgp\SirenkoNiV | PATH: /event/getAllByDateRange | DURATION: 0.038847733 | MESSAGE: 
2025-06-30 07:58:23.423  INFO   --- [http-nio-8081-exec-10] ru.sgp.controller.FlatController         : DATE: 30-06-2025 07:58:23 | Status: OK | User: sgp\SirenkoNiV | PATH: /flat/getAllByHotelId | DURATION: 0.660669857 | MESSAGE: 
2025-06-30 07:58:27.593  INFO   --- [http-nio-8081-exec-1] ru.sgp.controller.UserController         : DATE: 30-06-2025 07:58:27 | Status: OK | User: sgp\SirenkoNiV | PATH: /user/getCurrent | DURATION: 4.830910804 | MESSAGE: 
2025-06-30 07:58:27.624  INFO   --- [http-nio-8081-exec-3] ru.sgp.controller.EventController        : DATE: 30-06-2025 07:58:27 | Status: OK | User: sgp\SirenkoNiV | PATH: /event/getAllByDateRange | DURATION: 0.023835762 | MESSAGE: 
2025-06-30 07:58:27.909  INFO   --- [http-nio-8081-exec-7] ru.sgp.controller.FlatController         : DATE: 30-06-2025 07:58:27 | Status: OK | User: sgp\SirenkoNiV | PATH: /flat/getNewChess | DURATION: 0.309051074 | MESSAGE: 
2025-06-30 07:58:28.273  INFO   --- [http-nio-8081-exec-9] ru.sgp.controller.FlatController         : DATE: 30-06-2025 07:58:28 | Status: OK | User: sgp\SirenkoNiV | PATH: /flat/getAllByHotelId | DURATION: 0.67233948 | MESSAGE: 
2025-06-30 07:58:28.451  INFO   --- [http-nio-8081-exec-8] ru.sgp.controller.EventController        : DATE: 30-06-2025 07:58:28 | Status: OK | User: sgp\SirenkoNiV | PATH: /event/getAllByDateRange | DURATION: 0.011894906 | MESSAGE: 
2025-06-30 07:58:28.469  INFO   --- [http-nio-8081-exec-5] ru.sgp.controller.EventController        : DATE: 30-06-2025 07:58:28 | Status: OK | User: sgp\SirenkoNiV | PATH: /event/getAllByDateRange | DURATION: 0.013351169 | MESSAGE: 
2025-06-30 07:58:28.732  INFO   --- [http-nio-8081-exec-6] ru.sgp.controller.FlatController         : DATE: 30-06-2025 07:58:28 | Status: OK | User: sgp\SirenkoNiV | PATH: /flat/getNewChess | DURATION: 0.293306686 | MESSAGE: 
2025-06-30 07:58:29.042  INFO   --- [http-nio-8081-exec-4] ru.sgp.controller.FlatController         : DATE: 30-06-2025 07:58:29 | Status: OK | User: sgp\SirenkoNiV | PATH: /flat/getNewChess | DURATION: 0.306054644 | MESSAGE: 
2025-06-30 07:59:32.763  INFO   --- [main] com.zaxxer.hikari.HikariDataSource       : HikariPool-1 - Shutdown initiated...
2025-06-30 07:59:32.766  INFO   --- [main] com.zaxxer.hikari.HikariDataSource       : HikariPool-1 - Shutdown completed.
2025-06-30 07:59:46.797  INFO   --- [RMI TCP Connection(2)-127.0.0.1] o.s.web.servlet.DispatcherServlet        : Initializing Servlet 'REST'
2025-06-30 07:59:47.148  INFO   --- [RMI TCP Connection(2)-127.0.0.1] o.s.s.core.SpringSecurityCoreVersion     : You are running with Spring Security Core 5.5.0
2025-06-30 07:59:47.150  INFO   --- [RMI TCP Connection(2)-127.0.0.1] o.s.s.config.SecurityNamespaceHandler    : Spring Security 'config' module version is 5.5.0
2025-06-30 07:59:47.682  INFO   --- [RMI TCP Connection(2)-127.0.0.1] .s.d.r.c.RepositoryConfigurationDelegate : Bootstrapping Spring Data JPA repositories in DEFAULT mode.
2025-06-30 07:59:47.806  INFO   --- [RMI TCP Connection(2)-127.0.0.1] .s.d.r.c.RepositoryConfigurationDelegate : Finished Spring Data repository scanning in 116 ms. Found 31 JPA repository interfaces.
2025-06-30 07:59:48.909  INFO   --- [RMI TCP Connection(2)-127.0.0.1] com.zaxxer.hikari.HikariDataSource       : HikariPool-1 - Starting...
2025-06-30 07:59:49.000  INFO   --- [RMI TCP Connection(2)-127.0.0.1] com.zaxxer.hikari.HikariDataSource       : HikariPool-1 - Start completed.
2025-06-30 07:59:49.110  INFO   --- [RMI TCP Connection(2)-127.0.0.1] o.hibernate.jpa.internal.util.LogHelper  : HHH000204: Processing PersistenceUnitInfo [name: default]
2025-06-30 07:59:49.197  INFO   --- [RMI TCP Connection(2)-127.0.0.1] org.hibernate.Version                    : HHH000412: Hibernate ORM core version 5.4.32.Final
2025-06-30 07:59:49.373  INFO   --- [RMI TCP Connection(2)-127.0.0.1] o.hibernate.annotations.common.Version   : HCANN000001: Hibernate Commons Annotations {5.1.2.Final}
2025-06-30 07:59:49.589  INFO   --- [RMI TCP Connection(2)-127.0.0.1] org.hibernate.dialect.Dialect            : HHH000400: Using dialect: org.hibernate.dialect.PostgreSQL95Dialect
2025-06-30 07:59:50.466  INFO   --- [RMI TCP Connection(2)-127.0.0.1] o.h.e.t.j.p.i.JtaPlatformInitiator       : HHH000490: Using JtaPlatform implementation: [org.hibernate.engine.transaction.jta.platform.internal.NoJtaPlatform]
2025-06-30 07:59:50.477  INFO   --- [RMI TCP Connection(2)-127.0.0.1] j.LocalContainerEntityManagerFactoryBean : Initialized JPA EntityManagerFactory for persistence unit 'default'
2025-06-30 07:59:51.799  INFO   --- [RMI TCP Connection(2)-127.0.0.1] o.s.s.web.DefaultSecurityFilterChain     : Will secure any request with [org.springframework.security.web.context.request.async.WebAsyncManagerIntegrationFilter@450ae3d8, org.springframework.security.web.context.SecurityContextPersistenceFilter@579594ba, org.springframework.security.web.header.HeaderWriterFilter@163a84b9, org.springframework.security.web.authentication.logout.LogoutFilter@498ebc9e, org.springframework.security.web.authentication.UsernamePasswordAuthenticationFilter@439f8eeb, org.springframework.security.kerberos.web.authentication.SpnegoAuthenticationProcessingFilter@53542cf7, org.springframework.security.web.savedrequest.RequestCacheAwareFilter@59d755c2, org.springframework.security.web.servletapi.SecurityContextHolderAwareRequestFilter@534b9b70, org.springframework.security.web.authentication.AnonymousAuthenticationFilter@41542e8d, org.springframework.security.web.session.SessionManagementFilter@4c4c4832, org.springframework.security.web.access.ExceptionTranslationFilter@3c353c70, org.springframework.security.web.access.intercept.FilterSecurityInterceptor@7f5730ab]
2025-06-30 07:59:52.109  INFO   --- [RMI TCP Connection(2)-127.0.0.1] o.s.l.c.support.AbstractContextSource    : Property 'userDn' not set - anonymous context will be used for read-write operations
2025-06-30 07:59:52.162  INFO   --- [RMI TCP Connection(2)-127.0.0.1] o.s.web.servlet.DispatcherServlet        : Completed initialization in 5362 ms
2025-06-30 08:00:25.062  INFO   --- [http-nio-8081-exec-1] ru.sgp.controller.UserController         : USERNAME sgp\SirenkoNiV
2025-06-30 08:00:25.072  INFO   --- [http-nio-8081-exec-1] ru.sgp.controller.UserController         : DATE: 30-06-2025 08:00:25 | Status: OK | User: sgp\SirenkoNiV | PATH: /user/getCurrent | DURATION: 0.08667854 | MESSAGE: 
2025-06-30 08:00:25.094  INFO   --- [http-nio-8081-exec-2] ru.sgp.controller.EventController        : DATE: 30-06-2025 08:00:25 | Status: OK | User: sgp\SirenkoNiV | PATH: /event/getAllByDateRange | DURATION: 0.099087527 | MESSAGE: 
2025-06-30 08:00:25.189  INFO   --- [http-nio-8081-exec-1] ru.sgp.controller.EventController        : DATE: 30-06-2025 08:00:25 | Status: OK | User: sgp\SirenkoNiV | PATH: /event/getAllByDateRange | DURATION: 0.047279365 | MESSAGE: 
2025-06-30 08:00:25.776  INFO   --- [http-nio-8081-exec-4] ru.sgp.controller.FlatController         : DATE: 30-06-2025 08:00:25 | Status: OK | User: sgp\SirenkoNiV | PATH: /flat/getNewChess | DURATION: 0.780693518 | MESSAGE: 
2025-06-30 08:00:26.163  INFO   --- [http-nio-8081-exec-3] ru.sgp.controller.FlatController         : DATE: 30-06-2025 08:00:26 | Status: OK | User: sgp\SirenkoNiV | PATH: /flat/getAllByHotelId | DURATION: 1.168477593 | MESSAGE: 
2025-06-30 08:00:26.329  INFO   --- [http-nio-8081-exec-5] ru.sgp.controller.FlatController         : DATE: 30-06-2025 08:00:26 | Status: OK | User: sgp\SirenkoNiV | PATH: /flat/getNewChess | DURATION: 0.538504204 | MESSAGE: 
2025-06-30 08:00:27.045  INFO   --- [http-nio-8081-exec-6] ru.sgp.controller.FlatController         : DATE: 30-06-2025 08:00:27 | Status: OK | User: sgp\SirenkoNiV | PATH: /flat/getAllByHotelId | DURATION: 0.868357637 | MESSAGE: 
2025-06-30 08:00:27.210  INFO   --- [http-nio-8081-exec-8] ru.sgp.controller.EventController        : DATE: 30-06-2025 08:00:27 | Status: OK | User: sgp\SirenkoNiV | PATH: /event/getAllByDateRange | DURATION: 0.024597812 | MESSAGE: 
2025-06-30 08:00:27.236  INFO   --- [http-nio-8081-exec-9] ru.sgp.controller.EventController        : DATE: 30-06-2025 08:00:27 | Status: OK | User: sgp\SirenkoNiV | PATH: /event/getAllByDateRange | DURATION: 0.020648013 | MESSAGE: 
2025-06-30 08:00:27.540  INFO   --- [http-nio-8081-exec-7] ru.sgp.controller.FlatController         : DATE: 30-06-2025 08:00:27 | Status: OK | User: sgp\SirenkoNiV | PATH: /flat/getNewChess | DURATION: 0.354158214 | MESSAGE: 
2025-06-30 08:00:27.886  INFO   --- [http-nio-8081-exec-10] ru.sgp.controller.FlatController         : DATE: 30-06-2025 08:00:27 | Status: OK | User: sgp\SirenkoNiV | PATH: /flat/getNewChess | DURATION: 0.341021689 | MESSAGE: 
2025-06-30 08:07:31.790  INFO   --- [http-nio-8081-exec-5] ru.sgp.controller.UserController         : USERNAME sgp\SirenkoNiV
2025-06-30 08:07:31.792  INFO   --- [http-nio-8081-exec-5] ru.sgp.controller.UserController         : DATE: 30-06-2025 08:07:31 | Status: OK | User: sgp\SirenkoNiV | PATH: /user/getCurrent | DURATION: 0.007109019 | MESSAGE: 
2025-06-30 08:07:31.811  INFO   --- [http-nio-8081-exec-8] ru.sgp.controller.EventController        : DATE: 30-06-2025 08:07:31 | Status: OK | User: sgp\SirenkoNiV | PATH: /event/getAllByDateRange | DURATION: 0.026429768 | MESSAGE: 
2025-06-30 08:07:31.840  INFO   --- [http-nio-8081-exec-7] ru.sgp.controller.EventController        : DATE: 30-06-2025 08:07:31 | Status: OK | User: sgp\SirenkoNiV | PATH: /event/getAllByDateRange | DURATION: 0.023540491 | MESSAGE: 
2025-06-30 08:07:32.176  INFO   --- [http-nio-8081-exec-6] ru.sgp.controller.FlatController         : DATE: 30-06-2025 08:07:32 | Status: OK | User: sgp\SirenkoNiV | PATH: /flat/getNewChess | DURATION: 0.391360889 | MESSAGE: 
2025-06-30 08:07:32.599  INFO   --- [http-nio-8081-exec-10] ru.sgp.controller.FlatController         : DATE: 30-06-2025 08:07:32 | Status: OK | User: sgp\SirenkoNiV | PATH: /flat/getNewChess | DURATION: 0.417276939 | MESSAGE: 
2025-06-30 08:07:32.906  INFO   --- [http-nio-8081-exec-9] ru.sgp.controller.FlatController         : DATE: 30-06-2025 08:07:32 | Status: OK | User: sgp\SirenkoNiV | PATH: /flat/getAllByHotelId | DURATION: 1.121330521 | MESSAGE: 
2025-06-30 08:07:33.826  INFO   --- [http-nio-8081-exec-2] ru.sgp.controller.FlatController         : DATE: 30-06-2025 08:07:33 | Status: OK | User: sgp\SirenkoNiV | PATH: /flat/getAllByHotelId | DURATION: 0.914188989 | MESSAGE: 
2025-06-30 08:07:33.990  INFO   --- [http-nio-8081-exec-4] ru.sgp.controller.EventController        : DATE: 30-06-2025 08:07:33 | Status: OK | User: sgp\SirenkoNiV | PATH: /event/getAllByDateRange | DURATION: 0.02385898 | MESSAGE: 
2025-06-30 08:07:34.012  INFO   --- [http-nio-8081-exec-3] ru.sgp.controller.EventController        : DATE: 30-06-2025 08:07:34 | Status: OK | User: sgp\SirenkoNiV | PATH: /event/getAllByDateRange | DURATION: 0.016565719 | MESSAGE: 
2025-06-30 08:07:34.388  INFO   --- [http-nio-8081-exec-1] ru.sgp.controller.FlatController         : DATE: 30-06-2025 08:07:34 | Status: OK | User: sgp\SirenkoNiV | PATH: /flat/getNewChess | DURATION: 0.421514519 | MESSAGE: 
2025-06-30 08:07:34.792  INFO   --- [http-nio-8081-exec-5] ru.sgp.controller.FlatController         : DATE: 30-06-2025 08:07:34 | Status: OK | User: sgp\SirenkoNiV | PATH: /flat/getNewChess | DURATION: 0.398290588 | MESSAGE: 
2025-06-30 08:08:00.606  INFO   --- [http-nio-8081-exec-9] ru.sgp.controller.UserController         : USERNAME sgp\SirenkoNiV
2025-06-30 08:08:00.607  INFO   --- [http-nio-8081-exec-9] ru.sgp.controller.UserController         : DATE: 30-06-2025 08:08:00 | Status: OK | User: sgp\SirenkoNiV | PATH: /user/getCurrent | DURATION: 0.004553746 | MESSAGE: 
2025-06-30 08:08:00.630  INFO   --- [http-nio-8081-exec-4] ru.sgp.controller.EventController        : DATE: 30-06-2025 08:08:00 | Status: OK | User: sgp\SirenkoNiV | PATH: /event/getAllByDateRange | DURATION: 0.027340227 | MESSAGE: 
2025-06-30 08:08:00.659  INFO   --- [http-nio-8081-exec-1] ru.sgp.controller.EventController        : DATE: 30-06-2025 08:08:00 | Status: OK | User: sgp\SirenkoNiV | PATH: /event/getAllByDateRange | DURATION: 0.022663576 | MESSAGE: 
2025-06-30 08:08:00.983  INFO   --- [http-nio-8081-exec-2] ru.sgp.controller.FlatController         : DATE: 30-06-2025 08:08:00 | Status: OK | User: sgp\SirenkoNiV | PATH: /flat/getNewChess | DURATION: 0.380822084 | MESSAGE: 
2025-06-30 08:08:01.373  INFO   --- [http-nio-8081-exec-5] ru.sgp.controller.FlatController         : DATE: 30-06-2025 08:08:01 | Status: OK | User: sgp\SirenkoNiV | PATH: /flat/getNewChess | DURATION: 0.385225681 | MESSAGE: 
2025-06-30 08:08:01.473  INFO   --- [http-nio-8081-exec-3] ru.sgp.controller.FlatController         : DATE: 30-06-2025 08:08:01 | Status: OK | User: sgp\SirenkoNiV | PATH: /flat/getAllByHotelId | DURATION: 0.870674423 | MESSAGE: 
2025-06-30 08:08:02.232  INFO   --- [http-nio-8081-exec-8] ru.sgp.controller.FlatController         : DATE: 30-06-2025 08:08:02 | Status: OK | User: sgp\SirenkoNiV | PATH: /flat/getAllByHotelId | DURATION: 0.752010857 | MESSAGE: 
2025-06-30 08:08:02.400  INFO   --- [http-nio-8081-exec-10] ru.sgp.controller.EventController        : DATE: 30-06-2025 08:08:02 | Status: OK | User: sgp\SirenkoNiV | PATH: /event/getAllByDateRange | DURATION: 0.017461023 | MESSAGE: 
2025-06-30 08:08:02.425  INFO   --- [http-nio-8081-exec-6] ru.sgp.controller.EventController        : DATE: 30-06-2025 08:08:02 | Status: OK | User: sgp\SirenkoNiV | PATH: /event/getAllByDateRange | DURATION: 0.018408853 | MESSAGE: 
2025-06-30 08:08:02.766  INFO   --- [http-nio-8081-exec-7] ru.sgp.controller.FlatController         : DATE: 30-06-2025 08:08:02 | Status: OK | User: sgp\SirenkoNiV | PATH: /flat/getNewChess | DURATION: 0.383356154 | MESSAGE: 
2025-06-30 08:08:03.124  INFO   --- [http-nio-8081-exec-9] ru.sgp.controller.FlatController         : DATE: 30-06-2025 08:08:03 | Status: OK | User: sgp\SirenkoNiV | PATH: /flat/getNewChess | DURATION: 0.35216209 | MESSAGE: 
2025-06-30 08:10:47.645  INFO   --- [http-nio-8081-exec-3] ru.sgp.controller.UserController         : USERNAME sgp\SirenkoNiV
2025-06-30 08:10:47.646  INFO   --- [http-nio-8081-exec-3] ru.sgp.controller.UserController         : DATE: 30-06-2025 08:10:47 | Status: OK | User: sgp\SirenkoNiV | PATH: /user/getCurrent | DURATION: 0.008267226 | MESSAGE: 
2025-06-30 08:10:47.667  INFO   --- [http-nio-8081-exec-10] ru.sgp.controller.EventController        : DATE: 30-06-2025 08:10:47 | Status: OK | User: sgp\SirenkoNiV | PATH: /event/getAllByDateRange | DURATION: 0.02864188 | MESSAGE: 
2025-06-30 08:10:47.695  INFO   --- [http-nio-8081-exec-7] ru.sgp.controller.EventController        : DATE: 30-06-2025 08:10:47 | Status: OK | User: sgp\SirenkoNiV | PATH: /event/getAllByDateRange | DURATION: 0.021810802 | MESSAGE: 
2025-06-30 08:10:47.976  INFO   --- [http-nio-8081-exec-8] ru.sgp.controller.FlatController         : DATE: 30-06-2025 08:10:47 | Status: OK | User: sgp\SirenkoNiV | PATH: /flat/getNewChess | DURATION: 0.337741088 | MESSAGE: 
2025-06-30 08:10:48.395  INFO   --- [http-nio-8081-exec-9] ru.sgp.controller.FlatController         : DATE: 30-06-2025 08:10:48 | Status: OK | User: sgp\SirenkoNiV | PATH: /flat/getNewChess | DURATION: 0.413727454 | MESSAGE: 
2025-06-30 08:10:48.495  INFO   --- [http-nio-8081-exec-6] ru.sgp.controller.FlatController         : DATE: 30-06-2025 08:10:48 | Status: OK | User: sgp\SirenkoNiV | PATH: /flat/getAllByHotelId | DURATION: 0.85676767 | MESSAGE: 
2025-06-30 08:10:49.291  INFO   --- [http-nio-8081-exec-4] ru.sgp.controller.FlatController         : DATE: 30-06-2025 08:10:49 | Status: OK | User: sgp\SirenkoNiV | PATH: /flat/getAllByHotelId | DURATION: 0.790981416 | MESSAGE: 
2025-06-30 08:10:49.442  INFO   --- [http-nio-8081-exec-2] ru.sgp.controller.EventController        : DATE: 30-06-2025 08:10:49 | Status: OK | User: sgp\SirenkoNiV | PATH: /event/getAllByDateRange | DURATION: 0.019018029 | MESSAGE: 
2025-06-30 08:10:49.468  INFO   --- [http-nio-8081-exec-5] ru.sgp.controller.EventController        : DATE: 30-06-2025 08:10:49 | Status: OK | User: sgp\SirenkoNiV | PATH: /event/getAllByDateRange | DURATION: 0.021457712 | MESSAGE: 
2025-06-30 08:10:49.845  INFO   --- [http-nio-8081-exec-1] ru.sgp.controller.FlatController         : DATE: 30-06-2025 08:10:49 | Status: OK | User: sgp\SirenkoNiV | PATH: /flat/getNewChess | DURATION: 0.422376755 | MESSAGE: 
2025-06-30 08:10:50.296  INFO   --- [http-nio-8081-exec-3] ru.sgp.controller.FlatController         : DATE: 30-06-2025 08:10:50 | Status: OK | User: sgp\SirenkoNiV | PATH: /flat/getNewChess | DURATION: 0.444832111 | MESSAGE: 
2025-06-30 08:13:56.964  INFO   --- [http-nio-8081-exec-6] ru.sgp.controller.UserController         : USERNAME sgp\SirenkoNiV
2025-06-30 08:13:56.966  INFO   --- [http-nio-8081-exec-6] ru.sgp.controller.UserController         : DATE: 30-06-2025 08:13:56 | Status: OK | User: sgp\SirenkoNiV | PATH: /user/getCurrent | DURATION: 0.007836065 | MESSAGE: 
2025-06-30 08:13:56.977  INFO   --- [http-nio-8081-exec-2] ru.sgp.controller.EventController        : DATE: 30-06-2025 08:13:56 | Status: OK | User: sgp\SirenkoNiV | PATH: /event/getAllByDateRange | DURATION: 0.019013854 | MESSAGE: 
2025-06-30 08:13:57.009  INFO   --- [http-nio-8081-exec-1] ru.sgp.controller.EventController        : DATE: 30-06-2025 08:13:57 | Status: OK | User: sgp\SirenkoNiV | PATH: /event/getAllByDateRange | DURATION: 0.026757177 | MESSAGE: 
2025-06-30 08:13:57.476  INFO   --- [http-nio-8081-exec-4] ru.sgp.controller.FlatController         : DATE: 30-06-2025 08:13:57 | Status: OK | User: sgp\SirenkoNiV | PATH: /flat/getNewChess | DURATION: 0.517884609 | MESSAGE: 
2025-06-30 08:13:57.982  INFO   --- [http-nio-8081-exec-5] ru.sgp.controller.FlatController         : DATE: 30-06-2025 08:13:57 | Status: OK | User: sgp\SirenkoNiV | PATH: /flat/getAllByHotelId | DURATION: 1.023951106 | MESSAGE: 
2025-06-30 08:13:58.027  INFO   --- [http-nio-8081-exec-3] ru.sgp.controller.FlatController         : DATE: 30-06-2025 08:13:58 | Status: OK | User: sgp\SirenkoNiV | PATH: /flat/getNewChess | DURATION: 0.545059575 | MESSAGE: 
2025-06-30 08:13:58.680  INFO   --- [http-nio-8081-exec-7] ru.sgp.controller.FlatController         : DATE: 30-06-2025 08:13:58 | Status: OK | User: sgp\SirenkoNiV | PATH: /flat/getAllByHotelId | DURATION: 0.69055039 | MESSAGE: 
2025-06-30 08:13:58.844  INFO   --- [http-nio-8081-exec-9] ru.sgp.controller.EventController        : DATE: 30-06-2025 08:13:58 | Status: OK | User: sgp\SirenkoNiV | PATH: /event/getAllByDateRange | DURATION: 0.018830728 | MESSAGE: 
2025-06-30 08:13:58.867  INFO   --- [http-nio-8081-exec-8] ru.sgp.controller.EventController        : DATE: 30-06-2025 08:13:58 | Status: OK | User: sgp\SirenkoNiV | PATH: /event/getAllByDateRange | DURATION: 0.017553022 | MESSAGE: 
2025-06-30 08:13:59.156  INFO   --- [http-nio-8081-exec-10] ru.sgp.controller.FlatController         : DATE: 30-06-2025 08:13:59 | Status: OK | User: sgp\SirenkoNiV | PATH: /flat/getNewChess | DURATION: 0.3305579 | MESSAGE: 
2025-06-30 08:13:59.592  INFO   --- [http-nio-8081-exec-6] ru.sgp.controller.FlatController         : DATE: 30-06-2025 08:13:59 | Status: OK | User: sgp\SirenkoNiV | PATH: /flat/getNewChess | DURATION: 0.429200302 | MESSAGE: 
2025-06-30 08:15:05.265  INFO   --- [http-nio-8081-exec-3] ru.sgp.controller.UserController         : USERNAME sgp\SirenkoNiV
2025-06-30 08:15:05.266  INFO   --- [http-nio-8081-exec-3] ru.sgp.controller.UserController         : DATE: 30-06-2025 08:15:05 | Status: OK | User: sgp\SirenkoNiV | PATH: /user/getCurrent | DURATION: 0.004533031 | MESSAGE: 
2025-06-30 08:15:05.289  INFO   --- [http-nio-8081-exec-9] ru.sgp.controller.EventController        : DATE: 30-06-2025 08:15:05 | Status: OK | User: sgp\SirenkoNiV | PATH: /event/getAllByDateRange | DURATION: 0.027536801 | MESSAGE: 
2025-06-30 08:15:05.314  INFO   --- [http-nio-8081-exec-10] ru.sgp.controller.EventController        : DATE: 30-06-2025 08:15:05 | Status: OK | User: sgp\SirenkoNiV | PATH: /event/getAllByDateRange | DURATION: 0.018500123 | MESSAGE: 
2025-06-30 08:15:05.641  INFO   --- [http-nio-8081-exec-7] ru.sgp.controller.FlatController         : DATE: 30-06-2025 08:15:05 | Status: OK | User: sgp\SirenkoNiV | PATH: /flat/getNewChess | DURATION: 0.378636982 | MESSAGE: 
2025-06-30 08:15:05.958  INFO   --- [http-nio-8081-exec-8] ru.sgp.controller.FlatController         : DATE: 30-06-2025 08:15:05 | Status: OK | User: sgp\SirenkoNiV | PATH: /flat/getAllByHotelId | DURATION: 0.695670072 | MESSAGE: 
2025-06-30 08:15:06.025  INFO   --- [http-nio-8081-exec-6] ru.sgp.controller.FlatController         : DATE: 30-06-2025 08:15:06 | Status: OK | User: sgp\SirenkoNiV | PATH: /flat/getNewChess | DURATION: 0.379653913 | MESSAGE: 
2025-06-30 08:15:06.626  INFO   --- [http-nio-8081-exec-2] ru.sgp.controller.FlatController         : DATE: 30-06-2025 08:15:06 | Status: OK | User: sgp\SirenkoNiV | PATH: /flat/getAllByHotelId | DURATION: 0.663555484 | MESSAGE: 
2025-06-30 08:15:06.813  INFO   --- [http-nio-8081-exec-5] ru.sgp.controller.EventController        : DATE: 30-06-2025 08:15:06 | Status: OK | User: sgp\SirenkoNiV | PATH: /event/getAllByDateRange | DURATION: 0.020782999 | MESSAGE: 
2025-06-30 08:15:06.836  INFO   --- [http-nio-8081-exec-4] ru.sgp.controller.EventController        : DATE: 30-06-2025 08:15:06 | Status: OK | User: sgp\SirenkoNiV | PATH: /event/getAllByDateRange | DURATION: 0.018597537 | MESSAGE: 
2025-06-30 08:15:07.211  INFO   --- [http-nio-8081-exec-1] ru.sgp.controller.FlatController         : DATE: 30-06-2025 08:15:07 | Status: OK | User: sgp\SirenkoNiV | PATH: /flat/getNewChess | DURATION: 0.418778803 | MESSAGE: 
2025-06-30 08:15:07.795  INFO   --- [http-nio-8081-exec-3] ru.sgp.controller.FlatController         : DATE: 30-06-2025 08:15:07 | Status: OK | User: sgp\SirenkoNiV | PATH: /flat/getNewChess | DURATION: 0.578587979 | MESSAGE: 
2025-06-30 08:17:44.842  INFO   --- [http-nio-8081-exec-9] ru.sgp.controller.UserController         : USERNAME sgp\SirenkoNiV
2025-06-30 08:17:44.843  INFO   --- [http-nio-8081-exec-9] ru.sgp.controller.UserController         : DATE: 30-06-2025 08:17:44 | Status: OK | User: sgp\SirenkoNiV | PATH: /user/getCurrent | DURATION: 0.004192827 | MESSAGE: 
2025-06-30 08:17:44.858  INFO   --- [http-nio-8081-exec-7] ru.sgp.controller.EventController        : DATE: 30-06-2025 08:17:44 | Status: OK | User: sgp\SirenkoNiV | PATH: /event/getAllByDateRange | DURATION: 0.019429145 | MESSAGE: 
2025-06-30 08:17:44.885  INFO   --- [http-nio-8081-exec-6] ru.sgp.controller.EventController        : DATE: 30-06-2025 08:17:44 | Status: OK | User: sgp\SirenkoNiV | PATH: /event/getAllByDateRange | DURATION: 0.019595722 | MESSAGE: 
2025-06-30 08:17:45.232  INFO   --- [http-nio-8081-exec-10] ru.sgp.controller.FlatController         : DATE: 30-06-2025 08:17:45 | Status: OK | User: sgp\SirenkoNiV | PATH: /flat/getNewChess | DURATION: 0.393306999 | MESSAGE: 
2025-06-30 08:17:45.541  INFO   --- [http-nio-8081-exec-8] ru.sgp.controller.FlatController         : DATE: 30-06-2025 08:17:45 | Status: OK | User: sgp\SirenkoNiV | PATH: /flat/getAllByHotelId | DURATION: 0.702398367 | MESSAGE: 
2025-06-30 08:17:45.611  INFO   --- [http-nio-8081-exec-2] ru.sgp.controller.FlatController         : DATE: 30-06-2025 08:17:45 | Status: OK | User: sgp\SirenkoNiV | PATH: /flat/getNewChess | DURATION: 0.373349956 | MESSAGE: 
2025-06-30 08:17:46.311  INFO   --- [http-nio-8081-exec-5] ru.sgp.controller.FlatController         : DATE: 30-06-2025 08:17:46 | Status: OK | User: sgp\SirenkoNiV | PATH: /flat/getAllByHotelId | DURATION: 0.764060783 | MESSAGE: 
2025-06-30 08:17:46.479  INFO   --- [http-nio-8081-exec-1] ru.sgp.controller.EventController        : DATE: 30-06-2025 08:17:46 | Status: OK | User: sgp\SirenkoNiV | PATH: /event/getAllByDateRange | DURATION: 0.020639541 | MESSAGE: 
2025-06-30 08:17:46.504  INFO   --- [http-nio-8081-exec-3] ru.sgp.controller.EventController        : DATE: 30-06-2025 08:17:46 | Status: OK | User: sgp\SirenkoNiV | PATH: /event/getAllByDateRange | DURATION: 0.019620399 | MESSAGE: 
2025-06-30 08:17:46.814  INFO   --- [http-nio-8081-exec-4] ru.sgp.controller.FlatController         : DATE: 30-06-2025 08:17:46 | Status: OK | User: sgp\SirenkoNiV | PATH: /flat/getNewChess | DURATION: 0.355500665 | MESSAGE: 
2025-06-30 08:17:47.201  INFO   --- [http-nio-8081-exec-9] ru.sgp.controller.FlatController         : DATE: 30-06-2025 08:17:47 | Status: OK | User: sgp\SirenkoNiV | PATH: /flat/getNewChess | DURATION: 0.38027287 | MESSAGE: 
2025-06-30 08:17:55.659  INFO   --- [http-nio-8081-exec-6] ru.sgp.controller.UserController         : USERNAME sgp\SirenkoNiV
2025-06-30 08:17:55.661  INFO   --- [http-nio-8081-exec-6] ru.sgp.controller.UserController         : DATE: 30-06-2025 08:17:55 | Status: OK | User: sgp\SirenkoNiV | PATH: /user/getCurrent | DURATION: 0.005069923 | MESSAGE: 
2025-06-30 08:17:55.673  INFO   --- [http-nio-8081-exec-8] ru.sgp.controller.EventController        : DATE: 30-06-2025 08:17:55 | Status: OK | User: sgp\SirenkoNiV | PATH: /event/getAllByDateRange | DURATION: 0.017173627 | MESSAGE: 
2025-06-30 08:17:55.734  INFO   --- [http-nio-8081-exec-2] ru.sgp.controller.EventController        : DATE: 30-06-2025 08:17:55 | Status: OK | User: sgp\SirenkoNiV | PATH: /event/getAllByDateRange | DURATION: 0.056387564 | MESSAGE: 
2025-06-30 08:17:56.130  INFO   --- [http-nio-8081-exec-7] ru.sgp.controller.FlatController         : DATE: 30-06-2025 08:17:56 | Status: OK | User: sgp\SirenkoNiV | PATH: /flat/getNewChess | DURATION: 0.474759933 | MESSAGE: 
2025-06-30 08:17:56.480  INFO   --- [http-nio-8081-exec-5] ru.sgp.controller.FlatController         : DATE: 30-06-2025 08:17:56 | Status: OK | User: sgp\SirenkoNiV | PATH: /flat/getNewChess | DURATION: 0.3443329 | MESSAGE: 
2025-06-30 08:17:56.560  INFO   --- [http-nio-8081-exec-10] ru.sgp.controller.FlatController         : DATE: 30-06-2025 08:17:56 | Status: OK | User: sgp\SirenkoNiV | PATH: /flat/getAllByHotelId | DURATION: 0.904155457 | MESSAGE: 
2025-06-30 08:17:57.413  INFO   --- [http-nio-8081-exec-1] ru.sgp.controller.FlatController         : DATE: 30-06-2025 08:17:57 | Status: OK | User: sgp\SirenkoNiV | PATH: /flat/getAllByHotelId | DURATION: 0.847317551 | MESSAGE: 
2025-06-30 08:17:57.578  INFO   --- [http-nio-8081-exec-4] ru.sgp.controller.EventController        : DATE: 30-06-2025 08:17:57 | Status: OK | User: sgp\SirenkoNiV | PATH: /event/getAllByDateRange | DURATION: 0.017746272 | MESSAGE: 
2025-06-30 08:17:57.596  INFO   --- [http-nio-8081-exec-9] ru.sgp.controller.EventController        : DATE: 30-06-2025 08:17:57 | Status: OK | User: sgp\SirenkoNiV | PATH: /event/getAllByDateRange | DURATION: 0.013649149 | MESSAGE: 
2025-06-30 08:17:57.893  INFO   --- [http-nio-8081-exec-3] ru.sgp.controller.FlatController         : DATE: 30-06-2025 08:17:57 | Status: OK | User: sgp\SirenkoNiV | PATH: /flat/getNewChess | DURATION: 0.332788986 | MESSAGE: 
2025-06-30 08:17:58.259  INFO   --- [http-nio-8081-exec-6] ru.sgp.controller.FlatController         : DATE: 30-06-2025 08:17:58 | Status: OK | User: sgp\SirenkoNiV | PATH: /flat/getNewChess | DURATION: 0.357511805 | MESSAGE: 
2025-06-30 08:19:43.780  INFO   --- [http-nio-8081-exec-10] ru.sgp.controller.UserController         : USERNAME sgp\SirenkoNiV
2025-06-30 08:19:43.781  INFO   --- [http-nio-8081-exec-10] ru.sgp.controller.UserController         : DATE: 30-06-2025 08:19:43 | Status: OK | User: sgp\SirenkoNiV | PATH: /user/getCurrent | DURATION: 0.006856299 | MESSAGE: 
2025-06-30 08:19:43.792  INFO   --- [http-nio-8081-exec-4] ru.sgp.controller.EventController        : DATE: 30-06-2025 08:19:43 | Status: OK | User: sgp\SirenkoNiV | PATH: /event/getAllByDateRange | DURATION: 0.017718289 | MESSAGE: 
2025-06-30 08:19:43.819  INFO   --- [http-nio-8081-exec-3] ru.sgp.controller.EventController        : DATE: 30-06-2025 08:19:43 | Status: OK | User: sgp\SirenkoNiV | PATH: /event/getAllByDateRange | DURATION: 0.021048441 | MESSAGE: 
2025-06-30 08:19:44.322  INFO   --- [http-nio-8081-exec-1] ru.sgp.controller.FlatController         : DATE: 30-06-2025 08:19:44 | Status: OK | User: sgp\SirenkoNiV | PATH: /flat/getNewChess | DURATION: 0.54745982 | MESSAGE: 
2025-06-30 08:19:44.773  INFO   --- [http-nio-8081-exec-9] ru.sgp.controller.FlatController         : DATE: 30-06-2025 08:19:44 | Status: OK | User: sgp\SirenkoNiV | PATH: /flat/getAllByHotelId | DURATION: 0.998229496 | MESSAGE: 
2025-06-30 08:19:44.792  INFO   --- [http-nio-8081-exec-6] ru.sgp.controller.FlatController         : DATE: 30-06-2025 08:19:44 | Status: OK | User: sgp\SirenkoNiV | PATH: /flat/getNewChess | DURATION: 0.464186541 | MESSAGE: 
2025-06-30 08:19:45.780  INFO   --- [http-nio-8081-exec-2] ru.sgp.controller.FlatController         : DATE: 30-06-2025 08:19:45 | Status: OK | User: sgp\SirenkoNiV | PATH: /flat/getAllByHotelId | DURATION: 0.999617036 | MESSAGE: 
2025-06-30 08:19:45.931  INFO   --- [http-nio-8081-exec-7] ru.sgp.controller.EventController        : DATE: 30-06-2025 08:19:45 | Status: OK | User: sgp\SirenkoNiV | PATH: /event/getAllByDateRange | DURATION: 0.015544639 | MESSAGE: 
2025-06-30 08:19:45.960  INFO   --- [http-nio-8081-exec-5] ru.sgp.controller.EventController        : DATE: 30-06-2025 08:19:45 | Status: OK | User: sgp\SirenkoNiV | PATH: /event/getAllByDateRange | DURATION: 0.0243988 | MESSAGE: 
2025-06-30 08:19:46.186  INFO   --- [http-nio-8081-exec-8] ru.sgp.controller.FlatController         : DATE: 30-06-2025 08:19:46 | Status: OK | User: sgp\SirenkoNiV | PATH: /flat/getNewChess | DURATION: 0.270959914 | MESSAGE: 
2025-06-30 08:19:46.742  INFO   --- [http-nio-8081-exec-10] ru.sgp.controller.FlatController         : DATE: 30-06-2025 08:19:46 | Status: OK | User: sgp\SirenkoNiV | PATH: /flat/getNewChess | DURATION: 0.551326194 | MESSAGE: 
2025-06-30 08:19:49.258  INFO   --- [http-nio-8081-exec-4] ru.sgp.controller.UserController         : USERNAME sgp\SirenkoNiV
2025-06-30 08:19:49.259  INFO   --- [http-nio-8081-exec-4] ru.sgp.controller.UserController         : DATE: 30-06-2025 08:19:49 | Status: OK | User: sgp\SirenkoNiV | PATH: /user/getCurrent | DURATION: 0.006413065 | MESSAGE: 
2025-06-30 08:19:49.276  INFO   --- [http-nio-8081-exec-1] ru.sgp.controller.EventController        : DATE: 30-06-2025 08:19:49 | Status: OK | User: sgp\SirenkoNiV | PATH: /event/getAllByDateRange | DURATION: 0.022490969 | MESSAGE: 
2025-06-30 08:19:49.312  INFO   --- [http-nio-8081-exec-6] ru.sgp.controller.EventController        : DATE: 30-06-2025 08:19:49 | Status: OK | User: sgp\SirenkoNiV | PATH: /event/getAllByDateRange | DURATION: 0.030840852 | MESSAGE: 
2025-06-30 08:19:49.693  INFO   --- [http-nio-8081-exec-3] ru.sgp.controller.FlatController         : DATE: 30-06-2025 08:19:49 | Status: OK | User: sgp\SirenkoNiV | PATH: /flat/getNewChess | DURATION: 0.439540971 | MESSAGE: 
2025-06-30 08:19:50.137  INFO   --- [http-nio-8081-exec-9] ru.sgp.controller.FlatController         : DATE: 30-06-2025 08:19:50 | Status: OK | User: sgp\SirenkoNiV | PATH: /flat/getAllByHotelId | DURATION: 0.884026443 | MESSAGE: 
2025-06-30 08:19:50.178  INFO   --- [http-nio-8081-exec-2] ru.sgp.controller.FlatController         : DATE: 30-06-2025 08:19:50 | Status: OK | User: sgp\SirenkoNiV | PATH: /flat/getNewChess | DURATION: 0.47974695 | MESSAGE: 
2025-06-30 08:19:50.954  INFO   --- [http-nio-8081-exec-7] ru.sgp.controller.FlatController         : DATE: 30-06-2025 08:19:50 | Status: OK | User: sgp\SirenkoNiV | PATH: /flat/getAllByHotelId | DURATION: 0.810970799 | MESSAGE: 
2025-06-30 08:19:51.098  INFO   --- [http-nio-8081-exec-8] ru.sgp.controller.EventController        : DATE: 30-06-2025 08:19:51 | Status: OK | User: sgp\SirenkoNiV | PATH: /event/getAllByDateRange | DURATION: 0.017296415 | MESSAGE: 
2025-06-30 08:19:51.129  INFO   --- [http-nio-8081-exec-10] ru.sgp.controller.EventController        : DATE: 30-06-2025 08:19:51 | Status: OK | User: sgp\SirenkoNiV | PATH: /event/getAllByDateRange | DURATION: 0.025773491 | MESSAGE: 
2025-06-30 08:19:51.504  INFO   --- [http-nio-8081-exec-5] ru.sgp.controller.FlatController         : DATE: 30-06-2025 08:19:51 | Status: OK | User: sgp\SirenkoNiV | PATH: /flat/getNewChess | DURATION: 0.422535448 | MESSAGE: 
2025-06-30 08:19:51.776  INFO   --- [http-nio-8081-exec-4] ru.sgp.controller.FlatController         : DATE: 30-06-2025 08:19:51 | Status: OK | User: sgp\SirenkoNiV | PATH: /flat/getNewChess | DURATION: 0.267396164 | MESSAGE: 
2025-06-30 08:21:17.659  INFO   --- [http-nio-8081-exec-2] ru.sgp.controller.UserController         : USERNAME sgp\SirenkoNiV
2025-06-30 08:21:17.661  INFO   --- [http-nio-8081-exec-2] ru.sgp.controller.UserController         : DATE: 30-06-2025 08:21:17 | Status: OK | User: sgp\SirenkoNiV | PATH: /user/getCurrent | DURATION: 0.006036597 | MESSAGE: 
2025-06-30 08:21:17.676  INFO   --- [http-nio-8081-exec-10] ru.sgp.controller.EventController        : DATE: 30-06-2025 08:21:17 | Status: OK | User: sgp\SirenkoNiV | PATH: /event/getAllByDateRange | DURATION: 0.02076261 | MESSAGE: 
2025-06-30 08:21:17.703  INFO   --- [http-nio-8081-exec-5] ru.sgp.controller.EventController        : DATE: 30-06-2025 08:21:17 | Status: OK | User: sgp\SirenkoNiV | PATH: /event/getAllByDateRange | DURATION: 0.021412325 | MESSAGE: 
2025-06-30 08:21:18.036  INFO   --- [http-nio-8081-exec-7] ru.sgp.controller.FlatController         : DATE: 30-06-2025 08:21:18 | Status: OK | User: sgp\SirenkoNiV | PATH: /flat/getNewChess | DURATION: 0.380131339 | MESSAGE: 
2025-06-30 08:21:18.299  INFO   --- [http-nio-8081-exec-8] ru.sgp.controller.FlatController         : DATE: 30-06-2025 08:21:18 | Status: OK | User: sgp\SirenkoNiV | PATH: /flat/getAllByHotelId | DURATION: 0.643898642 | MESSAGE: 
2025-06-30 08:21:18.442  INFO   --- [http-nio-8081-exec-4] ru.sgp.controller.FlatController         : DATE: 30-06-2025 08:21:18 | Status: OK | User: sgp\SirenkoNiV | PATH: /flat/getNewChess | DURATION: 0.400140833 | MESSAGE: 
2025-06-30 08:21:19.102  INFO   --- [http-nio-8081-exec-1] ru.sgp.controller.FlatController         : DATE: 30-06-2025 08:21:19 | Status: OK | User: sgp\SirenkoNiV | PATH: /flat/getAllByHotelId | DURATION: 0.795380719 | MESSAGE: 
2025-06-30 08:21:19.292  INFO   --- [http-nio-8081-exec-3] ru.sgp.controller.EventController        : DATE: 30-06-2025 08:21:19 | Status: OK | User: sgp\SirenkoNiV | PATH: /event/getAllByDateRange | DURATION: 0.020773469 | MESSAGE: 
2025-06-30 08:21:19.318  INFO   --- [http-nio-8081-exec-9] ru.sgp.controller.EventController        : DATE: 30-06-2025 08:21:19 | Status: OK | User: sgp\SirenkoNiV | PATH: /event/getAllByDateRange | DURATION: 0.018606714 | MESSAGE: 
2025-06-30 08:21:19.685  INFO   --- [http-nio-8081-exec-6] ru.sgp.controller.FlatController         : DATE: 30-06-2025 08:21:19 | Status: OK | User: sgp\SirenkoNiV | PATH: /flat/getNewChess | DURATION: 0.412914125 | MESSAGE: 
2025-06-30 08:21:20.096  INFO   --- [http-nio-8081-exec-2] ru.sgp.controller.FlatController         : DATE: 30-06-2025 08:21:20 | Status: OK | User: sgp\SirenkoNiV | PATH: /flat/getNewChess | DURATION: 0.40685188 | MESSAGE: 
2025-06-30 08:23:28.656  INFO   --- [http-nio-8081-exec-4] ru.sgp.controller.UserController         : USERNAME sgp\SirenkoNiV
2025-06-30 08:23:28.658  INFO   --- [http-nio-8081-exec-4] ru.sgp.controller.UserController         : DATE: 30-06-2025 08:23:28 | Status: OK | User: sgp\SirenkoNiV | PATH: /user/getCurrent | DURATION: 0.006582679 | MESSAGE: 
2025-06-30 08:23:28.675  INFO   --- [http-nio-8081-exec-3] ru.sgp.controller.EventController        : DATE: 30-06-2025 08:23:28 | Status: OK | User: sgp\SirenkoNiV | PATH: /event/getAllByDateRange | DURATION: 0.023953668 | MESSAGE: 
2025-06-30 08:23:28.702  INFO   --- [http-nio-8081-exec-6] ru.sgp.controller.EventController        : DATE: 30-06-2025 08:23:28 | Status: OK | User: sgp\SirenkoNiV | PATH: /event/getAllByDateRange | DURATION: 0.021039495 | MESSAGE: 
2025-06-30 08:23:29.016  INFO   --- [http-nio-8081-exec-1] ru.sgp.controller.FlatController         : DATE: 30-06-2025 08:23:29 | Status: OK | User: sgp\SirenkoNiV | PATH: /flat/getNewChess | DURATION: 0.365146131 | MESSAGE: 
2025-06-30 08:23:29.361  INFO   --- [http-nio-8081-exec-2] ru.sgp.controller.FlatController         : DATE: 30-06-2025 08:23:29 | Status: OK | User: sgp\SirenkoNiV | PATH: /flat/getNewChess | DURATION: 0.338478687 | MESSAGE: 
2025-06-30 08:23:29.409  INFO   --- [http-nio-8081-exec-9] ru.sgp.controller.FlatController         : DATE: 30-06-2025 08:23:29 | Status: OK | User: sgp\SirenkoNiV | PATH: /flat/getAllByHotelId | DURATION: 0.756964384 | MESSAGE: 
2025-06-30 08:23:30.257  INFO   --- [http-nio-8081-exec-10] ru.sgp.controller.FlatController         : DATE: 30-06-2025 08:23:30 | Status: OK | User: sgp\SirenkoNiV | PATH: /flat/getAllByHotelId | DURATION: 0.843058795 | MESSAGE: 
2025-06-30 08:23:30.413  INFO   --- [http-nio-8081-exec-7] ru.sgp.controller.EventController        : DATE: 30-06-2025 08:23:30 | Status: OK | User: sgp\SirenkoNiV | PATH: /event/getAllByDateRange | DURATION: 0.018662067 | MESSAGE: 
2025-06-30 08:23:30.432  INFO   --- [http-nio-8081-exec-8] ru.sgp.controller.EventController        : DATE: 30-06-2025 08:23:30 | Status: OK | User: sgp\SirenkoNiV | PATH: /event/getAllByDateRange | DURATION: 0.014237496 | MESSAGE: 
2025-06-30 08:23:30.759  INFO   --- [http-nio-8081-exec-5] ru.sgp.controller.FlatController         : DATE: 30-06-2025 08:23:30 | Status: OK | User: sgp\SirenkoNiV | PATH: /flat/getNewChess | DURATION: 0.365068778 | MESSAGE: 
2025-06-30 08:23:31.161  INFO   --- [http-nio-8081-exec-4] ru.sgp.controller.FlatController         : DATE: 30-06-2025 08:23:31 | Status: OK | User: sgp\SirenkoNiV | PATH: /flat/getNewChess | DURATION: 0.39486437 | MESSAGE: 
2025-06-30 08:24:51.648  INFO   --- [http-nio-8081-exec-9] ru.sgp.controller.UserController         : USERNAME sgp\SirenkoNiV
2025-06-30 08:24:51.649  INFO   --- [http-nio-8081-exec-9] ru.sgp.controller.UserController         : DATE: 30-06-2025 08:24:51 | Status: OK | User: sgp\SirenkoNiV | PATH: /user/getCurrent | DURATION: 0.003405304 | MESSAGE: 
2025-06-30 08:24:51.661  INFO   --- [http-nio-8081-exec-7] ru.sgp.controller.EventController        : DATE: 30-06-2025 08:24:51 | Status: OK | User: sgp\SirenkoNiV | PATH: /event/getAllByDateRange | DURATION: 0.015768898 | MESSAGE: 
2025-06-30 08:24:51.684  INFO   --- [http-nio-8081-exec-5] ru.sgp.controller.EventController        : DATE: 30-06-2025 08:24:51 | Status: OK | User: sgp\SirenkoNiV | PATH: /event/getAllByDateRange | DURATION: 0.018362727 | MESSAGE: 
2025-06-30 08:24:51.987  INFO   --- [http-nio-8081-exec-10] ru.sgp.controller.FlatController         : DATE: 30-06-2025 08:24:51 | Status: OK | User: sgp\SirenkoNiV | PATH: /flat/getNewChess | DURATION: 0.341816905 | MESSAGE: 
2025-06-30 08:24:52.337  INFO   --- [http-nio-8081-exec-4] ru.sgp.controller.FlatController         : DATE: 30-06-2025 08:24:52 | Status: OK | User: sgp\SirenkoNiV | PATH: /flat/getNewChess | DURATION: 0.344609832 | MESSAGE: 
2025-06-30 08:24:52.391  INFO   --- [http-nio-8081-exec-8] ru.sgp.controller.FlatController         : DATE: 30-06-2025 08:24:52 | Status: OK | User: sgp\SirenkoNiV | PATH: /flat/getAllByHotelId | DURATION: 0.745872319 | MESSAGE: 
2025-06-30 08:24:53.125  INFO   --- [http-nio-8081-exec-6] ru.sgp.controller.FlatController         : DATE: 30-06-2025 08:24:53 | Status: OK | User: sgp\SirenkoNiV | PATH: /flat/getAllByHotelId | DURATION: 0.729827052 | MESSAGE: 
2025-06-30 08:24:53.282  INFO   --- [http-nio-8081-exec-1] ru.sgp.controller.EventController        : DATE: 30-06-2025 08:24:53 | Status: OK | User: sgp\SirenkoNiV | PATH: /event/getAllByDateRange | DURATION: 0.019186306 | MESSAGE: 
2025-06-30 08:24:53.307  INFO   --- [http-nio-8081-exec-2] ru.sgp.controller.EventController        : DATE: 30-06-2025 08:24:53 | Status: OK | User: sgp\SirenkoNiV | PATH: /event/getAllByDateRange | DURATION: 0.020660532 | MESSAGE: 
2025-06-30 08:24:53.669  INFO   --- [http-nio-8081-exec-3] ru.sgp.controller.FlatController         : DATE: 30-06-2025 08:24:53 | Status: OK | User: sgp\SirenkoNiV | PATH: /flat/getNewChess | DURATION: 0.406506793 | MESSAGE: 
2025-06-30 08:24:53.950  INFO   --- [http-nio-8081-exec-9] ru.sgp.controller.FlatController         : DATE: 30-06-2025 08:24:53 | Status: OK | User: sgp\SirenkoNiV | PATH: /flat/getNewChess | DURATION: 0.274727515 | MESSAGE: 
2025-06-30 08:25:33.096  INFO   --- [http-nio-8081-exec-6] ru.sgp.controller.EventController        : DATE: 30-06-2025 08:25:33 | Status: OK | User: sgp\SirenkoNiV | PATH: /event/getAllByDateRange | DURATION: 0.022580556 | MESSAGE: 
2025-06-30 08:25:33.436  INFO   --- [http-nio-8081-exec-8] ru.sgp.controller.FlatController         : DATE: 30-06-2025 08:25:33 | Status: OK | User: sgp\SirenkoNiV | PATH: /flat/getNewChess | DURATION: 0.36258607 | MESSAGE: 
2025-06-30 08:25:34.979  INFO   --- [http-nio-8081-exec-2] ru.sgp.controller.EventController        : DATE: 30-06-2025 08:25:34 | Status: OK | User: sgp\SirenkoNiV | PATH: /event/getAllByDateRange | DURATION: 0.023461695 | MESSAGE: 
2025-06-30 08:25:35.022  INFO   --- [http-nio-8081-exec-3] ru.sgp.controller.EventController        : DATE: 30-06-2025 08:25:35 | Status: OK | User: sgp\SirenkoNiV | PATH: /event/getAllByDateRange | DURATION: 0.028434801 | MESSAGE: 
2025-06-30 08:25:35.376  INFO   --- [http-nio-8081-exec-1] ru.sgp.controller.FlatController         : DATE: 30-06-2025 08:25:35 | Status: OK | User: sgp\SirenkoNiV | PATH: /flat/getNewChess | DURATION: 0.419723694 | MESSAGE: 
2025-06-30 08:25:35.658  INFO   --- [http-nio-8081-exec-9] ru.sgp.controller.FlatController         : DATE: 30-06-2025 08:25:35 | Status: OK | User: sgp\SirenkoNiV | PATH: /flat/getNewChess | DURATION: 0.276236481 | MESSAGE: 
2025-06-30 08:26:12.069  INFO   --- [http-nio-8081-exec-10] ru.sgp.controller.UserController         : USERNAME sgp\SirenkoNiV
2025-06-30 08:26:12.070  INFO   --- [http-nio-8081-exec-10] ru.sgp.controller.UserController         : DATE: 30-06-2025 08:26:12 | Status: OK | User: sgp\SirenkoNiV | PATH: /user/getCurrent | DURATION: 0.004342782 | MESSAGE: 
2025-06-30 08:26:12.081  INFO   --- [http-nio-8081-exec-6] ru.sgp.controller.EventController        : DATE: 30-06-2025 08:26:12 | Status: OK | User: sgp\SirenkoNiV | PATH: /event/getAllByDateRange | DURATION: 0.015069773 | MESSAGE: 
2025-06-30 08:26:12.107  INFO   --- [http-nio-8081-exec-2] ru.sgp.controller.EventController        : DATE: 30-06-2025 08:26:12 | Status: OK | User: sgp\SirenkoNiV | PATH: /event/getAllByDateRange | DURATION: 0.021375763 | MESSAGE: 
2025-06-30 08:26:12.491  INFO   --- [http-nio-8081-exec-4] ru.sgp.controller.FlatController         : DATE: 30-06-2025 08:26:12 | Status: OK | User: sgp\SirenkoNiV | PATH: /flat/getNewChess | DURATION: 0.425235351 | MESSAGE: 
2025-06-30 08:26:12.891  INFO   --- [http-nio-8081-exec-8] ru.sgp.controller.FlatController         : DATE: 30-06-2025 08:26:12 | Status: OK | User: sgp\SirenkoNiV | PATH: /flat/getAllByHotelId | DURATION: 0.825413892 | MESSAGE: 
2025-06-30 08:26:12.934  INFO   --- [http-nio-8081-exec-3] ru.sgp.controller.FlatController         : DATE: 30-06-2025 08:26:12 | Status: OK | User: sgp\SirenkoNiV | PATH: /flat/getNewChess | DURATION: 0.437931201 | MESSAGE: 
2025-06-30 08:26:13.802  INFO   --- [http-nio-8081-exec-1] ru.sgp.controller.FlatController         : DATE: 30-06-2025 08:26:13 | Status: OK | User: sgp\SirenkoNiV | PATH: /flat/getAllByHotelId | DURATION: 0.892114628 | MESSAGE: 
2025-06-30 08:26:13.957  INFO   --- [http-nio-8081-exec-7] ru.sgp.controller.EventController        : DATE: 30-06-2025 08:26:13 | Status: OK | User: sgp\SirenkoNiV | PATH: /event/getAllByDateRange | DURATION: 0.019822701 | MESSAGE: 
2025-06-30 08:26:13.983  INFO   --- [http-nio-8081-exec-5] ru.sgp.controller.EventController        : DATE: 30-06-2025 08:26:13 | Status: OK | User: sgp\SirenkoNiV | PATH: /event/getAllByDateRange | DURATION: 0.01987564 | MESSAGE: 
2025-06-30 08:26:14.218  INFO   --- [http-nio-8081-exec-9] ru.sgp.controller.FlatController         : DATE: 30-06-2025 08:26:14 | Status: OK | User: sgp\SirenkoNiV | PATH: /flat/getNewChess | DURATION: 0.281045921 | MESSAGE: 
2025-06-30 08:26:14.561  INFO   --- [http-nio-8081-exec-10] ru.sgp.controller.FlatController         : DATE: 30-06-2025 08:26:14 | Status: OK | User: sgp\SirenkoNiV | PATH: /flat/getNewChess | DURATION: 0.338860873 | MESSAGE: 
2025-06-30 08:26:53.456  INFO   --- [http-nio-8081-exec-3] ru.sgp.controller.UserController         : USERNAME sgp\SirenkoNiV
2025-06-30 08:26:53.458  INFO   --- [http-nio-8081-exec-3] ru.sgp.controller.UserController         : DATE: 30-06-2025 08:26:53 | Status: OK | User: sgp\SirenkoNiV | PATH: /user/getCurrent | DURATION: 0.007270295 | MESSAGE: 
2025-06-30 08:26:53.469  INFO   --- [http-nio-8081-exec-7] ru.sgp.controller.EventController        : DATE: 30-06-2025 08:26:53 | Status: OK | User: sgp\SirenkoNiV | PATH: /event/getAllByDateRange | DURATION: 0.018580123 | MESSAGE: 
2025-06-30 08:26:53.486  INFO   --- [http-nio-8081-exec-9] ru.sgp.controller.EventController        : DATE: 30-06-2025 08:26:53 | Status: OK | User: sgp\SirenkoNiV | PATH: /event/getAllByDateRange | DURATION: 0.012067621 | MESSAGE: 
2025-06-30 08:26:53.868  INFO   --- [http-nio-8081-exec-1] ru.sgp.controller.FlatController         : DATE: 30-06-2025 08:26:53 | Status: OK | User: sgp\SirenkoNiV | PATH: /flat/getNewChess | DURATION: 0.417706227 | MESSAGE: 
2025-06-30 08:26:54.303  INFO   --- [http-nio-8081-exec-10] ru.sgp.controller.FlatController         : DATE: 30-06-2025 08:26:54 | Status: OK | User: sgp\SirenkoNiV | PATH: /flat/getNewChess | DURATION: 0.429733306 | MESSAGE: 
2025-06-30 08:26:54.347  INFO   --- [http-nio-8081-exec-5] ru.sgp.controller.FlatController         : DATE: 30-06-2025 08:26:54 | Status: OK | User: sgp\SirenkoNiV | PATH: /flat/getAllByHotelId | DURATION: 0.896107779 | MESSAGE: 
2025-06-30 08:26:55.075  INFO   --- [http-nio-8081-exec-6] ru.sgp.controller.FlatController         : DATE: 30-06-2025 08:26:55 | Status: OK | User: sgp\SirenkoNiV | PATH: /flat/getAllByHotelId | DURATION: 0.723558811 | MESSAGE: 
2025-06-30 08:26:55.228  INFO   --- [http-nio-8081-exec-8] ru.sgp.controller.EventController        : DATE: 30-06-2025 08:26:55 | Status: OK | User: sgp\SirenkoNiV | PATH: /event/getAllByDateRange | DURATION: 0.019001319 | MESSAGE: 
2025-06-30 08:26:55.250  INFO   --- [http-nio-8081-exec-4] ru.sgp.controller.EventController        : DATE: 30-06-2025 08:26:55 | Status: OK | User: sgp\SirenkoNiV | PATH: /event/getAllByDateRange | DURATION: 0.017726419 | MESSAGE: 
2025-06-30 08:26:55.552  INFO   --- [http-nio-8081-exec-2] ru.sgp.controller.FlatController         : DATE: 30-06-2025 08:26:55 | Status: OK | User: sgp\SirenkoNiV | PATH: /flat/getNewChess | DURATION: 0.343462508 | MESSAGE: 
2025-06-30 08:26:55.831  INFO   --- [http-nio-8081-exec-3] ru.sgp.controller.FlatController         : DATE: 30-06-2025 08:26:55 | Status: OK | User: sgp\SirenkoNiV | PATH: /flat/getNewChess | DURATION: 0.274136862 | MESSAGE: 
2025-06-30 08:27:01.214  INFO   --- [http-nio-8081-exec-7] r.sgp.controller.OrganizationController  : DATE: 30-06-2025 08:27:01 | Status: OK | User: sgp\SirenkoNiV | PATH: /organization/getAll | DURATION: 0.008923885 | MESSAGE: 
2025-06-30 08:27:01.214  INFO   --- [http-nio-8081-exec-9] ru.sgp.controller.FilialController       : DATE: 30-06-2025 08:27:01 | Status: OK | User: sgp\SirenkoNiV | PATH: /filial/getAll | DURATION: 0.008646243 | MESSAGE: 
2025-06-30 08:27:01.215  INFO   --- [http-nio-8081-exec-6] ru.sgp.controller.HotelController        : DATE: 30-06-2025 08:27:01 | Status: OK | User: sgp\SirenkoNiV | PATH: /hotel/getAllByFilialId | DURATION: 3.658E-6 | MESSAGE: 
2025-06-30 08:27:01.225  INFO   --- [http-nio-8081-exec-5] ru.sgp.controller.EventController        : DATE: 30-06-2025 08:27:01 | Status: OK | User: sgp\SirenkoNiV | PATH: /event/getAllByDateRange | DURATION: 0.019585774 | MESSAGE: 
2025-06-30 08:27:01.261  INFO   --- [http-nio-8081-exec-4] ru.sgp.controller.RoomController         : DATE: 30-06-2025 08:27:01 | Status: OK | User: sgp\SirenkoNiV | PATH: /room/getAllByFlatId | DURATION: 0.036513324 | MESSAGE: 
2025-06-30 08:27:01.280  INFO   --- [http-nio-8081-exec-3] ru.sgp.controller.RoomController         : DATE: 30-06-2025 08:27:01 | Status: OK | User: sgp\SirenkoNiV | PATH: /room/getAllByFlatId | DURATION: 0.013559642 | MESSAGE: 
2025-06-30 08:27:01.289  INFO   --- [http-nio-8081-exec-2] ru.sgp.controller.RoomController         : DATE: 30-06-2025 08:27:01 | Status: OK | User: sgp\SirenkoNiV | PATH: /room/getAllBeds | DURATION: 0.060771822 | MESSAGE: 
2025-06-30 08:27:01.299  INFO   --- [http-nio-8081-exec-1] ru.sgp.controller.ContractController     : DATE: 30-06-2025 08:27:01 | Status: OK | User: sgp\SirenkoNiV | PATH: /contract/getAll | DURATION: 0.093205128 | MESSAGE: 
2025-06-30 08:27:01.341  INFO   --- [http-nio-8081-exec-9] ru.sgp.controller.RoomController         : DATE: 30-06-2025 08:27:01 | Status: OK | User: sgp\SirenkoNiV | PATH: /room/getAllBeds | DURATION: 0.046632611 | MESSAGE: 
2025-06-30 08:27:01.504  INFO   --- [http-nio-8081-exec-10] ru.sgp.controller.FlatController         : DATE: 30-06-2025 08:27:01 | Status: OK | User: sgp\SirenkoNiV | PATH: /flat/getNewChess | DURATION: 0.298696201 | MESSAGE: 
2025-06-30 08:27:01.975  INFO   --- [http-nio-8081-exec-8] ru.sgp.controller.FlatController         : DATE: 30-06-2025 08:27:01 | Status: OK | User: sgp\SirenkoNiV | PATH: /flat/getAll | DURATION: 0.750853202 | MESSAGE: 
2025-06-30 08:27:02.656  INFO   --- [http-nio-8081-exec-7] ru.sgp.controller.FlatController         : DATE: 30-06-2025 08:27:02 | Status: OK | User: sgp\SirenkoNiV | PATH: /flat/getAll | DURATION: 0.673141545 | MESSAGE: 
2025-06-30 08:47:58.336  INFO   --- [http-nio-8081-exec-9] ru.sgp.controller.UserController         : USERNAME sgp\SirenkoNiV
2025-06-30 08:47:58.338  INFO   --- [http-nio-8081-exec-9] ru.sgp.controller.UserController         : DATE: 30-06-2025 08:47:58 | Status: OK | User: sgp\SirenkoNiV | PATH: /user/getCurrent | DURATION: 0.010008391 | MESSAGE: 
2025-06-30 08:47:58.356  INFO   --- [http-nio-8081-exec-8] ru.sgp.controller.EventController        : DATE: 30-06-2025 08:47:58 | Status: OK | User: sgp\SirenkoNiV | PATH: /event/getAllByDateRange | DURATION: 0.028454166 | MESSAGE: 
2025-06-30 08:47:58.381  INFO   --- [http-nio-8081-exec-4] ru.sgp.controller.EventController        : DATE: 30-06-2025 08:47:58 | Status: OK | User: sgp\SirenkoNiV | PATH: /event/getAllByDateRange | DURATION: 0.019780967 | MESSAGE: 
2025-06-30 08:47:58.746  INFO   --- [http-nio-8081-exec-10] ru.sgp.controller.FlatController         : DATE: 30-06-2025 08:47:58 | Status: OK | User: sgp\SirenkoNiV | PATH: /flat/getNewChess | DURATION: 0.418808402 | MESSAGE: 
2025-06-30 08:47:59.054  INFO   --- [http-nio-8081-exec-7] ru.sgp.controller.FlatController         : DATE: 30-06-2025 08:47:59 | Status: OK | User: sgp\SirenkoNiV | PATH: /flat/getAllByHotelId | DURATION: 0.726728845 | MESSAGE: 
2025-06-30 08:47:59.125  INFO   --- [http-nio-8081-exec-5] ru.sgp.controller.FlatController         : DATE: 30-06-2025 08:47:59 | Status: OK | User: sgp\SirenkoNiV | PATH: /flat/getNewChess | DURATION: 0.373341101 | MESSAGE: 
2025-06-30 08:47:59.773  INFO   --- [http-nio-8081-exec-6] ru.sgp.controller.FlatController         : DATE: 30-06-2025 08:47:59 | Status: OK | User: sgp\SirenkoNiV | PATH: /flat/getAllByHotelId | DURATION: 0.714260241 | MESSAGE: 
2025-06-30 08:47:59.927  INFO   --- [http-nio-8081-exec-1] ru.sgp.controller.EventController        : DATE: 30-06-2025 08:47:59 | Status: OK | User: sgp\SirenkoNiV | PATH: /event/getAllByDateRange | DURATION: 0.019118768 | MESSAGE: 
2025-06-30 08:47:59.950  INFO   --- [http-nio-8081-exec-2] ru.sgp.controller.EventController        : DATE: 30-06-2025 08:47:59 | Status: OK | User: sgp\SirenkoNiV | PATH: /event/getAllByDateRange | DURATION: 0.018142338 | MESSAGE: 
2025-06-30 08:48:00.273  INFO   --- [http-nio-8081-exec-3] ru.sgp.controller.FlatController         : DATE: 30-06-2025 08:48:00 | Status: OK | User: sgp\SirenkoNiV | PATH: /flat/getNewChess | DURATION: 0.364704334 | MESSAGE: 
2025-06-30 08:48:00.601  INFO   --- [http-nio-8081-exec-9] ru.sgp.controller.FlatController         : DATE: 30-06-2025 08:48:00 | Status: OK | User: sgp\SirenkoNiV | PATH: /flat/getNewChess | DURATION: 0.323705099 | MESSAGE: 
2025-06-30 08:53:17.780  INFO   --- [http-nio-8081-exec-5] ru.sgp.controller.UserController         : USERNAME sgp\SirenkoNiV
2025-06-30 08:53:17.781  INFO   --- [http-nio-8081-exec-5] ru.sgp.controller.UserController         : DATE: 30-06-2025 08:53:17 | Status: OK | User: sgp\SirenkoNiV | PATH: /user/getCurrent | DURATION: 0.004568049 | MESSAGE: 
2025-06-30 08:53:17.803  INFO   --- [http-nio-8081-exec-1] ru.sgp.controller.EventController        : DATE: 30-06-2025 08:53:17 | Status: OK | User: sgp\SirenkoNiV | PATH: /event/getAllByDateRange | DURATION: 0.026464308 | MESSAGE: 
2025-06-30 08:53:17.828  INFO   --- [http-nio-8081-exec-3] ru.sgp.controller.EventController        : DATE: 30-06-2025 08:53:17 | Status: OK | User: sgp\SirenkoNiV | PATH: /event/getAllByDateRange | DURATION: 0.019655399 | MESSAGE: 
2025-06-30 08:53:18.168  INFO   --- [http-nio-8081-exec-6] ru.sgp.controller.FlatController         : DATE: 30-06-2025 08:53:18 | Status: OK | User: sgp\SirenkoNiV | PATH: /flat/getNewChess | DURATION: 0.392056781 | MESSAGE: 
2025-06-30 08:53:18.531  INFO   --- [http-nio-8081-exec-9] ru.sgp.controller.FlatController         : DATE: 30-06-2025 08:53:18 | Status: OK | User: sgp\SirenkoNiV | PATH: /flat/getNewChess | DURATION: 0.355918925 | MESSAGE: 
2025-06-30 08:53:18.542  INFO   --- [http-nio-8081-exec-2] ru.sgp.controller.FlatController         : DATE: 30-06-2025 08:53:18 | Status: OK | User: sgp\SirenkoNiV | PATH: /flat/getAllByHotelId | DURATION: 0.765726428 | MESSAGE: 
2025-06-30 08:53:19.239  INFO   --- [http-nio-8081-exec-8] ru.sgp.controller.FlatController         : DATE: 30-06-2025 08:53:19 | Status: OK | User: sgp\SirenkoNiV | PATH: /flat/getAllByHotelId | DURATION: 0.691577004 | MESSAGE: 
2025-06-30 08:53:19.403  INFO   --- [http-nio-8081-exec-10] ru.sgp.controller.EventController        : DATE: 30-06-2025 08:53:19 | Status: OK | User: sgp\SirenkoNiV | PATH: /event/getAllByDateRange | DURATION: 0.027964471 | MESSAGE: 
2025-06-30 08:53:19.430  INFO   --- [http-nio-8081-exec-7] ru.sgp.controller.EventController        : DATE: 30-06-2025 08:53:19 | Status: OK | User: sgp\SirenkoNiV | PATH: /event/getAllByDateRange | DURATION: 0.021673342 | MESSAGE: 
2025-06-30 08:53:19.769  INFO   --- [http-nio-8081-exec-4] ru.sgp.controller.FlatController         : DATE: 30-06-2025 08:53:19 | Status: OK | User: sgp\SirenkoNiV | PATH: /flat/getNewChess | DURATION: 0.394022242 | MESSAGE: 
2025-06-30 08:53:20.137  INFO   --- [http-nio-8081-exec-5] ru.sgp.controller.FlatController         : DATE: 30-06-2025 08:53:20 | Status: OK | User: sgp\SirenkoNiV | PATH: /flat/getNewChess | DURATION: 0.362555552 | MESSAGE: 
2025-06-30 08:53:42.476  INFO   --- [http-nio-8081-exec-2] ru.sgp.controller.UserController         : USERNAME sgp\SirenkoNiV
2025-06-30 08:53:42.477  INFO   --- [http-nio-8081-exec-2] ru.sgp.controller.UserController         : DATE: 30-06-2025 08:53:42 | Status: OK | User: sgp\SirenkoNiV | PATH: /user/getCurrent | DURATION: 0.006569819 | MESSAGE: 
2025-06-30 08:53:42.492  INFO   --- [http-nio-8081-exec-7] ru.sgp.controller.EventController        : DATE: 30-06-2025 08:53:42 | Status: OK | User: sgp\SirenkoNiV | PATH: /event/getAllByDateRange | DURATION: 0.020653968 | MESSAGE: 
2025-06-30 08:53:42.511  INFO   --- [http-nio-8081-exec-4] ru.sgp.controller.EventController        : DATE: 30-06-2025 08:53:42 | Status: OK | User: sgp\SirenkoNiV | PATH: /event/getAllByDateRange | DURATION: 0.015116997 | MESSAGE: 
2025-06-30 08:53:42.799  INFO   --- [http-nio-8081-exec-8] ru.sgp.controller.FlatController         : DATE: 30-06-2025 08:53:42 | Status: OK | User: sgp\SirenkoNiV | PATH: /flat/getNewChess | DURATION: 0.328434434 | MESSAGE: 
2025-06-30 08:53:43.119  INFO   --- [http-nio-8081-exec-5] ru.sgp.controller.FlatController         : DATE: 30-06-2025 08:53:43 | Status: OK | User: sgp\SirenkoNiV | PATH: /flat/getNewChess | DURATION: 0.314808132 | MESSAGE: 
2025-06-30 08:53:43.176  INFO   --- [http-nio-8081-exec-10] ru.sgp.controller.FlatController         : DATE: 30-06-2025 08:53:43 | Status: OK | User: sgp\SirenkoNiV | PATH: /flat/getAllByHotelId | DURATION: 0.704736633 | MESSAGE: 
2025-06-30 08:53:43.950  INFO   --- [http-nio-8081-exec-1] ru.sgp.controller.FlatController         : DATE: 30-06-2025 08:53:43 | Status: OK | User: sgp\SirenkoNiV | PATH: /flat/getAllByHotelId | DURATION: 0.77022961 | MESSAGE: 
2025-06-30 08:53:44.132  INFO   --- [http-nio-8081-exec-9] ru.sgp.controller.EventController        : DATE: 30-06-2025 08:53:44 | Status: OK | User: sgp\SirenkoNiV | PATH: /event/getAllByDateRange | DURATION: 0.01480821 | MESSAGE: 
2025-06-30 08:53:44.154  INFO   --- [http-nio-8081-exec-6] ru.sgp.controller.EventController        : DATE: 30-06-2025 08:53:44 | Status: OK | User: sgp\SirenkoNiV | PATH: /event/getAllByDateRange | DURATION: 0.018307694 | MESSAGE: 
2025-06-30 08:53:44.445  INFO   --- [http-nio-8081-exec-3] ru.sgp.controller.FlatController         : DATE: 30-06-2025 08:53:44 | Status: OK | User: sgp\SirenkoNiV | PATH: /flat/getNewChess | DURATION: 0.328322546 | MESSAGE: 
2025-06-30 08:53:44.750  INFO   --- [http-nio-8081-exec-2] ru.sgp.controller.FlatController         : DATE: 30-06-2025 08:53:44 | Status: OK | User: sgp\SirenkoNiV | PATH: /flat/getNewChess | DURATION: 0.300795078 | MESSAGE: 
2025-06-30 08:54:17.383  INFO   --- [http-nio-8081-exec-10] ru.sgp.controller.FilialController       : DATE: 30-06-2025 08:54:17 | Status: OK | User: sgp\SirenkoNiV | PATH: /filial/getAll | DURATION: 0.003613624 | MESSAGE: 
2025-06-30 08:54:17.643  INFO   --- [http-nio-8081-exec-3] ru.sgp.controller.FilialController       : DATE: 30-06-2025 08:54:17 | Status: OK | User: sgp\SirenkoNiV | PATH: /filial/getWithStats | DURATION: 0.02726708 | MESSAGE: 
2025-06-30 08:54:17.661  INFO   --- [http-nio-8081-exec-1] ru.sgp.controller.FilialController       : DATE: 30-06-2025 08:54:17 | Status: OK | User: sgp\SirenkoNiV | PATH: /filial/getWithStats | DURATION: 0.047391643 | MESSAGE: 
2025-06-30 08:54:17.702  INFO   --- [http-nio-8081-exec-7] ru.sgp.controller.FilialController       : DATE: 30-06-2025 08:54:17 | Status: OK | User: sgp\SirenkoNiV | PATH: /filial/getWithStats | DURATION: 0.086014042 | MESSAGE: 
2025-06-30 08:54:17.704  INFO   --- [http-nio-8081-exec-5] ru.sgp.controller.FilialController       : DATE: 30-06-2025 08:54:17 | Status: OK | User: sgp\SirenkoNiV | PATH: /filial/getWithStats | DURATION: 0.038710881 | MESSAGE: 
2025-06-30 08:54:17.838  INFO   --- [http-nio-8081-exec-6] ru.sgp.controller.FilialController       : DATE: 30-06-2025 08:54:17 | Status: OK | User: sgp\SirenkoNiV | PATH: /filial/getWithStats | DURATION: 0.221669471 | MESSAGE: 
2025-06-30 08:54:18.045  INFO   --- [http-nio-8081-exec-3] ru.sgp.controller.FilialController       : DATE: 30-06-2025 08:54:18 | Status: OK | User: sgp\SirenkoNiV | PATH: /filial/getWithStats | DURATION: 0.202410827 | MESSAGE: 
2025-06-30 08:54:18.131  INFO   --- [http-nio-8081-exec-10] ru.sgp.controller.FilialController       : DATE: 30-06-2025 08:54:18 | Status: OK | User: sgp\SirenkoNiV | PATH: /filial/getWithStats | DURATION: 0.422811712 | MESSAGE: 
2025-06-30 08:54:18.179  INFO   --- [http-nio-8081-exec-7] ru.sgp.controller.FilialController       : DATE: 30-06-2025 08:54:18 | Status: OK | User: sgp\SirenkoNiV | PATH: /filial/getWithStats | DURATION: 0.044253025 | MESSAGE: 
2025-06-30 08:54:18.213  INFO   --- [http-nio-8081-exec-5] ru.sgp.controller.FilialController       : DATE: 30-06-2025 08:54:18 | Status: OK | User: sgp\SirenkoNiV | PATH: /filial/getWithStats | DURATION: 0.029559282 | MESSAGE: 
2025-06-30 08:54:18.272  INFO   --- [http-nio-8081-exec-9] ru.sgp.controller.FilialController       : DATE: 30-06-2025 08:54:18 | Status: OK | User: sgp\SirenkoNiV | PATH: /filial/getWithStats | DURATION: 0.657303234 | MESSAGE: 
2025-06-30 08:54:18.344  INFO   --- [http-nio-8081-exec-4] ru.sgp.controller.FilialController       : DATE: 30-06-2025 08:54:18 | Status: OK | User: sgp\SirenkoNiV | PATH: /filial/getWithStats | DURATION: 0.696128726 | MESSAGE: 
2025-06-30 08:54:18.535  INFO   --- [http-nio-8081-exec-1] ru.sgp.controller.FilialController       : DATE: 30-06-2025 08:54:18 | Status: OK | User: sgp\SirenkoNiV | PATH: /filial/getWithStats | DURATION: 0.476136348 | MESSAGE: 
2025-06-30 08:54:19.214  INFO   --- [http-nio-8081-exec-8] ru.sgp.controller.FilialController       : DATE: 30-06-2025 08:54:19 | Status: OK | User: sgp\SirenkoNiV | PATH: /filial/getWithStats | DURATION: 1.505254858 | MESSAGE: 
2025-06-30 08:54:19.922  INFO   --- [http-nio-8081-exec-2] ru.sgp.controller.FilialController       : DATE: 30-06-2025 08:54:19 | Status: OK | User: sgp\SirenkoNiV | PATH: /filial/getWithStats | DURATION: 2.306377751 | MESSAGE: 
2025-06-30 08:54:19.975  INFO   --- [http-nio-8081-exec-3] ru.sgp.controller.HotelController        : DATE: 30-06-2025 08:54:19 | Status: OK | User: sgp\SirenkoNiV | PATH: /hotel/getAllByFilialId | DURATION: 1.421E-6 | MESSAGE: 
2025-06-30 08:54:20.014  INFO   --- [http-nio-8081-exec-6] ru.sgp.controller.HotelController        : DATE: 30-06-2025 08:54:20 | Status: OK | User: sgp\SirenkoNiV | PATH: /hotel/getAllByFilialIdWithStats | DURATION: 8.35E-7 | MESSAGE: 
2025-06-30 08:54:20.991  INFO   --- [http-nio-8081-exec-7] ru.sgp.controller.EventController        : DATE: 30-06-2025 08:54:20 | Status: OK | User: sgp\SirenkoNiV | PATH: /event/getAllByDateRange | DURATION: 0.01995531 | MESSAGE: 
2025-06-30 08:54:21.010  INFO   --- [http-nio-8081-exec-9] ru.sgp.controller.EventController        : DATE: 30-06-2025 08:54:21 | Status: OK | User: sgp\SirenkoNiV | PATH: /event/getAllByDateRange | DURATION: 0.014920854 | MESSAGE: 
2025-06-30 08:54:21.124  INFO   --- [http-nio-8081-exec-10] ru.sgp.controller.FlatController         : DATE: 30-06-2025 08:54:21 | Status: OK | User: sgp\SirenkoNiV | PATH: /flat/getNewChess | DURATION: 0.153600928 | MESSAGE: 
2025-06-30 08:54:21.283  INFO   --- [http-nio-8081-exec-4] ru.sgp.controller.FlatController         : DATE: 30-06-2025 08:54:21 | Status: OK | User: sgp\SirenkoNiV | PATH: /flat/getNewChess | DURATION: 0.152866581 | MESSAGE: 
2025-06-30 08:54:21.520  INFO   --- [http-nio-8081-exec-5] ru.sgp.controller.FlatController         : DATE: 30-06-2025 08:54:21 | Status: OK | User: sgp\SirenkoNiV | PATH: /flat/getAllByHotelId | DURATION: 0.54882089 | MESSAGE: 
2025-06-30 08:54:22.041  INFO   --- [http-nio-8081-exec-1] ru.sgp.controller.FlatController         : DATE: 30-06-2025 08:54:22 | Status: OK | User: sgp\SirenkoNiV | PATH: /flat/getAllByHotelId | DURATION: 0.51693324 | MESSAGE: 
2025-06-30 08:54:22.173  INFO   --- [http-nio-8081-exec-2] ru.sgp.controller.EventController        : DATE: 30-06-2025 08:54:22 | Status: OK | User: sgp\SirenkoNiV | PATH: /event/getAllByDateRange | DURATION: 0.014320705 | MESSAGE: 
2025-06-30 08:54:22.192  INFO   --- [http-nio-8081-exec-3] ru.sgp.controller.EventController        : DATE: 30-06-2025 08:54:22 | Status: OK | User: sgp\SirenkoNiV | PATH: /event/getAllByDateRange | DURATION: 0.013491977 | MESSAGE: 
2025-06-30 08:54:22.338  INFO   --- [http-nio-8081-exec-8] ru.sgp.controller.FlatController         : DATE: 30-06-2025 08:54:22 | Status: OK | User: sgp\SirenkoNiV | PATH: /flat/getNewChess | DURATION: 0.178605812 | MESSAGE: 
2025-06-30 08:54:22.506  INFO   --- [http-nio-8081-exec-8] ru.sgp.controller.FlatController         : DATE: 30-06-2025 08:54:22 | Status: OK | User: sgp\SirenkoNiV | PATH: /flat/getNewChess | DURATION: 0.164106552 | MESSAGE: 
2025-06-30 08:54:32.348  INFO   --- [http-nio-8081-exec-7] r.sgp.controller.OrganizationController  : DATE: 30-06-2025 08:54:32 | Status: OK | User: sgp\SirenkoNiV | PATH: /organization/getAll | DURATION: 0.0024249 | MESSAGE: 
2025-06-30 08:54:32.350  INFO   --- [http-nio-8081-exec-4] ru.sgp.controller.HotelController        : DATE: 30-06-2025 08:54:32 | Status: OK | User: sgp\SirenkoNiV | PATH: /hotel/getAllByFilialId | DURATION: 4.96E-7 | MESSAGE: 
2025-06-30 08:54:32.351  INFO   --- [http-nio-8081-exec-9] ru.sgp.controller.FilialController       : DATE: 30-06-2025 08:54:32 | Status: OK | User: sgp\SirenkoNiV | PATH: /filial/getAll | DURATION: 0.005236018 | MESSAGE: 
2025-06-30 08:54:32.371  INFO   --- [http-nio-8081-exec-1] ru.sgp.controller.RoomController         : DATE: 30-06-2025 08:54:32 | Status: OK | User: sgp\SirenkoNiV | PATH: /room/getAllByFlatId | DURATION: 0.024513494 | MESSAGE: 
2025-06-30 08:54:32.376  INFO   --- [http-nio-8081-exec-2] ru.sgp.controller.RoomController         : DATE: 30-06-2025 08:54:32 | Status: OK | User: sgp\SirenkoNiV | PATH: /room/getAllBeds | DURATION: 0.017232139 | MESSAGE: 
2025-06-30 08:54:32.385  INFO   --- [http-nio-8081-exec-3] ru.sgp.controller.RoomController         : DATE: 30-06-2025 08:54:32 | Status: OK | User: sgp\SirenkoNiV | PATH: /room/getAllByFlatId | DURATION: 0.010593885 | MESSAGE: 
2025-06-30 08:54:32.399  INFO   --- [http-nio-8081-exec-6] ru.sgp.controller.RoomController         : DATE: 30-06-2025 08:54:32 | Status: OK | User: sgp\SirenkoNiV | PATH: /room/getAllBeds | DURATION: 0.018617935 | MESSAGE: 
2025-06-30 08:54:32.431  INFO   --- [http-nio-8081-exec-10] ru.sgp.controller.ContractController     : DATE: 30-06-2025 08:54:32 | Status: OK | User: sgp\SirenkoNiV | PATH: /contract/getAll | DURATION: 0.085170678 | MESSAGE: 
2025-06-30 08:54:32.665  INFO   --- [http-nio-8081-exec-5] ru.sgp.controller.FlatController         : DATE: 30-06-2025 08:54:32 | Status: OK | User: sgp\SirenkoNiV | PATH: /flat/getAll | DURATION: 0.318856531 | MESSAGE: 
2025-06-30 08:54:32.943  INFO   --- [http-nio-8081-exec-8] ru.sgp.controller.FlatController         : DATE: 30-06-2025 08:54:32 | Status: OK | User: sgp\SirenkoNiV | PATH: /flat/getAll | DURATION: 0.274079478 | MESSAGE: 
2025-06-30 08:54:47.174  INFO   --- [http-nio-8081-exec-7] ru.sgp.controller.GuestController        : DATE: 30-06-2025 08:54:47 | Status: OK | User: sgp\SirenkoNiV | PATH: /guest/getTabnumByFio | DURATION: 0.016402211 | MESSAGE: 
2025-06-30 08:55:00.494  INFO   --- [http-nio-8081-exec-10] ru.sgp.controller.GuestController        : DATE: 30-06-2025 08:55:00 | Status: OK | User: sgp\SirenkoNiV | PATH: /guest/create | DURATION: 0.023636837 | MESSAGE: 
2025-06-30 08:55:01.554  INFO   --- [http-nio-8081-exec-5] ru.sgp.controller.FlatController         : DATE: 30-06-2025 08:55:01 | Status: OK | User: sgp\SirenkoNiV | PATH: /flat/getNewChess | DURATION: 0.178943036 | MESSAGE: 
2025-06-30 08:55:04.652  INFO   --- [http-nio-8081-exec-8] ru.sgp.controller.FlatController         : DATE: 30-06-2025 08:55:04 | Status: OK | User: sgp\SirenkoNiV | PATH: /flat/get | DURATION: 0.022894188 | MESSAGE: 
2025-06-30 08:55:07.120  INFO   --- [http-nio-8081-exec-9] ru.sgp.controller.GuestController        : DATE: 30-06-2025 08:55:07 | Status: OK | User: sgp\SirenkoNiV | PATH: /guest/delete/27410 | DURATION: 0.060053113 | MESSAGE: 
2025-06-30 08:55:07.201  INFO   --- [http-nio-8081-exec-1] ru.sgp.controller.FlatController         : DATE: 30-06-2025 08:55:07 | Status: OK | User: sgp\SirenkoNiV | PATH: /flat/get | DURATION: 0.015473782 | MESSAGE: 
2025-06-30 08:55:10.424  INFO   --- [http-nio-8081-exec-4] ru.sgp.controller.FlatController         : DATE: 30-06-2025 08:55:10 | Status: OK | User: sgp\SirenkoNiV | PATH: /flat/getNewChess | DURATION: 0.154151245 | MESSAGE: 
2025-06-30 09:11:19.731  INFO   --- [main] com.zaxxer.hikari.HikariDataSource       : HikariPool-1 - Shutdown initiated...
2025-06-30 09:11:19.733  INFO   --- [main] com.zaxxer.hikari.HikariDataSource       : HikariPool-1 - Shutdown completed.
2025-06-30 09:14:49.036  INFO   --- [RMI TCP Connection(2)-127.0.0.1] o.s.web.servlet.DispatcherServlet        : Initializing Servlet 'REST'
2025-06-30 09:14:49.372  INFO   --- [RMI TCP Connection(2)-127.0.0.1] o.s.s.core.SpringSecurityCoreVersion     : You are running with Spring Security Core 5.5.0
2025-06-30 09:14:49.373  INFO   --- [RMI TCP Connection(2)-127.0.0.1] o.s.s.config.SecurityNamespaceHandler    : Spring Security 'config' module version is 5.5.0
2025-06-30 09:14:49.923  INFO   --- [RMI TCP Connection(2)-127.0.0.1] .s.d.r.c.RepositoryConfigurationDelegate : Bootstrapping Spring Data JPA repositories in DEFAULT mode.
2025-06-30 09:14:50.063  INFO   --- [RMI TCP Connection(2)-127.0.0.1] .s.d.r.c.RepositoryConfigurationDelegate : Finished Spring Data repository scanning in 132 ms. Found 31 JPA repository interfaces.
2025-06-30 09:14:51.101  INFO   --- [RMI TCP Connection(2)-127.0.0.1] com.zaxxer.hikari.HikariDataSource       : HikariPool-1 - Starting...
2025-06-30 09:14:51.182  INFO   --- [RMI TCP Connection(2)-127.0.0.1] com.zaxxer.hikari.HikariDataSource       : HikariPool-1 - Start completed.
2025-06-30 09:14:51.285  INFO   --- [RMI TCP Connection(2)-127.0.0.1] o.hibernate.jpa.internal.util.LogHelper  : HHH000204: Processing PersistenceUnitInfo [name: default]
2025-06-30 09:14:51.372  INFO   --- [RMI TCP Connection(2)-127.0.0.1] org.hibernate.Version                    : HHH000412: Hibernate ORM core version 5.4.32.Final
2025-06-30 09:14:51.522  INFO   --- [RMI TCP Connection(2)-127.0.0.1] o.hibernate.annotations.common.Version   : HCANN000001: Hibernate Commons Annotations {5.1.2.Final}
2025-06-30 09:14:51.726  INFO   --- [RMI TCP Connection(2)-127.0.0.1] org.hibernate.dialect.Dialect            : HHH000400: Using dialect: org.hibernate.dialect.PostgreSQL95Dialect
2025-06-30 09:14:52.576  INFO   --- [RMI TCP Connection(2)-127.0.0.1] o.h.e.t.j.p.i.JtaPlatformInitiator       : HHH000490: Using JtaPlatform implementation: [org.hibernate.engine.transaction.jta.platform.internal.NoJtaPlatform]
2025-06-30 09:14:52.587  INFO   --- [RMI TCP Connection(2)-127.0.0.1] j.LocalContainerEntityManagerFactoryBean : Initialized JPA EntityManagerFactory for persistence unit 'default'
2025-06-30 09:14:53.829  INFO   --- [RMI TCP Connection(2)-127.0.0.1] o.s.s.web.DefaultSecurityFilterChain     : Will secure any request with [org.springframework.security.web.context.request.async.WebAsyncManagerIntegrationFilter@7eca3b2a, org.springframework.security.web.context.SecurityContextPersistenceFilter@2046e60e, org.springframework.security.web.header.HeaderWriterFilter@4b2df362, org.springframework.security.web.authentication.logout.LogoutFilter@1abd025f, org.springframework.security.web.authentication.UsernamePasswordAuthenticationFilter@58a918d9, org.springframework.security.kerberos.web.authentication.SpnegoAuthenticationProcessingFilter@e308cd0, org.springframework.security.web.savedrequest.RequestCacheAwareFilter@524f4e81, org.springframework.security.web.servletapi.SecurityContextHolderAwareRequestFilter@707c9464, org.springframework.security.web.authentication.AnonymousAuthenticationFilter@75a0ecd7, org.springframework.security.web.session.SessionManagementFilter@15dc6879, org.springframework.security.web.access.ExceptionTranslationFilter@7b80f3a4, org.springframework.security.web.access.intercept.FilterSecurityInterceptor@71194335]
2025-06-30 09:14:54.075  INFO   --- [RMI TCP Connection(2)-127.0.0.1] o.s.l.c.support.AbstractContextSource    : Property 'userDn' not set - anonymous context will be used for read-write operations
2025-06-30 09:14:54.119  INFO   --- [RMI TCP Connection(2)-127.0.0.1] o.s.web.servlet.DispatcherServlet        : Completed initialization in 5079 ms
2025-06-30 09:16:57.058  INFO   --- [main] com.zaxxer.hikari.HikariDataSource       : HikariPool-1 - Shutdown initiated...
2025-06-30 09:16:57.060  INFO   --- [main] com.zaxxer.hikari.HikariDataSource       : HikariPool-1 - Shutdown completed.
2025-06-30 09:18:45.014  INFO   --- [http-nio-8081-exec-10] r.s.controller.docs.ContractController   : DATE: 30-06-2025 09:18:45 | Status: OK | User: sgp\sirenkoniv | PATH: /contract/getAll | DURATION: 0.182 | MESSAGE: 
2025-06-30 09:18:47.200  INFO   --- [http-nio-8081-exec-5] r.s.c.requests.RequestController         : DATE: 30-06-2025 09:18:47 | Status: OK | User: sgp\sirenkoniv | PATH: /request/getAll | DURATION: 0.738 | MESSAGE: 
2025-06-30 09:18:48.253  INFO   --- [http-nio-8081-exec-7] r.s.c.requests.RequestController         : DATE: 30-06-2025 09:18:48 | Status: OK | User: sgp\sirenkoniv | PATH: /request/getAll | DURATION: 1.035 | MESSAGE: 
2025-06-30 09:45:39.506  INFO   --- [http-nio-8081-exec-9] r.s.c.requests.RequestFilialController   : DATE: 30-06-2025 09:45:39 | Status: OK | User: sgp\sirenkoniv | PATH: /requestFilial/getAll | DURATION: 14.12 | MESSAGE: 
2025-06-30 09:45:48.702  INFO   --- [http-nio-8081-exec-10] r.s.c.requests.RequestFilialController   : DATE: 30-06-2025 09:45:48 | Status: OK | User: sgp\sirenkoniv | PATH: /requestFilial/getAll | DURATION: 9.125 | MESSAGE: 
2025-06-30 09:45:54.696  INFO   --- [http-nio-8081-exec-1] r.s.c.requests.RequestFilialController   : DATE: 30-06-2025 09:45:54 | Status: OK | User: sgp\sirenkoniv | PATH: /requestFilial/getAll | DURATION: 0.687 | MESSAGE: 
2025-06-30 09:46:40.017  INFO   --- [http-nio-8081-exec-3] r.s.controller.docs.ContractController   : DATE: 30-06-2025 09:46:40 | Status: OK | User: sgp\sirenkoniv | PATH: /contract/getAll | DURATION: 0.022 | MESSAGE: 
2025-06-30 09:46:45.276  INFO   --- [http-nio-8081-exec-6] r.s.c.requests.RequestFilialController   : DATE: 30-06-2025 09:46:45 | Status: OK | User: sgp\sirenkoniv | PATH: /requestFilial/getAll | DURATION: 4.459 | MESSAGE: 
2025-06-30 09:46:49.737  INFO   --- [http-nio-8081-exec-3] r.s.c.requests.RequestFilialController   : DATE: 30-06-2025 09:46:49 | Status: OK | User: sgp\sirenkoniv | PATH: /requestFilial/getAll | DURATION: 4.447 | MESSAGE: 
2025-06-30 09:46:52.425  INFO   --- [http-nio-8081-exec-1] r.s.c.requests.RequestFilialController   : DATE: 30-06-2025 09:46:52 | Status: OK | User: sgp\sirenkoniv | PATH: /requestFilial/getAll | DURATION: 0.287 | MESSAGE: 
2025-06-30 11:03:41.817  INFO   --- [http-nio-8081-exec-4] r.s.c.requests.RequestFilialController   : DATE: 30-06-2025 11:03:41 | Status: OK | User: sgp\sirenkoniv | PATH: /requestFilial/getAll | DURATION: 4.724 | MESSAGE: 
2025-06-30 11:03:43.169  INFO   --- [http-nio-8081-exec-5] r.s.c.requests.RequestFilialController   : DATE: 30-06-2025 11:03:43 | Status: OK | User: sgp\sirenkoniv | PATH: /requestFilial/get | DURATION: 0.119 | MESSAGE: 
2025-06-30 11:03:48.174  INFO   --- [http-nio-8081-exec-6] r.s.c.requests.RequestController         : DATE: 30-06-2025 11:03:48 | Status: OK | User: sgp\sirenkoniv | PATH: /request/getAll | DURATION: 0.397 | MESSAGE: 
2025-06-30 11:03:48.514  INFO   --- [http-nio-8081-exec-7] r.s.c.requests.RequestController         : DATE: 30-06-2025 11:03:48 | Status: OK | User: sgp\sirenkoniv | PATH: /request/getAll | DURATION: 0.318 | MESSAGE: 
2025-06-30 11:03:51.795  INFO   --- [http-nio-8081-exec-8] r.s.c.requests.RequestController         : DATE: 30-06-2025 11:03:51 | Status: OK | User: sgp\sirenkoniv | PATH: /request/getAll | DURATION: 0.317 | MESSAGE: 
2025-06-30 11:03:52.944  INFO   --- [http-nio-8081-exec-1] r.s.c.requests.RequestController         : DATE: 30-06-2025 11:03:52 | Status: OK | User: sgp\sirenkoniv | PATH: /request/get | DURATION: 0.281 | MESSAGE: 
2025-06-30 11:04:05.196  INFO   --- [http-nio-8081-exec-3] r.s.c.requests.RequestController         : DATE: 30-06-2025 11:04:05 | Status: OK | User: sgp\sirenkoniv | PATH: /request/getAll | DURATION: 0.268 | MESSAGE: 
2025-06-30 11:04:05.476  INFO   --- [http-nio-8081-exec-4] r.s.c.requests.RequestController         : DATE: 30-06-2025 11:04:05 | Status: OK | User: sgp\sirenkoniv | PATH: /request/getAll | DURATION: 0.269 | MESSAGE: 
